<?xml version="1.0" encoding="UTF-8"?>
<robot generator="Robot 5.0.1 (Python 3.10.7 on win32)" generated="20221003 16:37:33.307" rpa="false" schemaversion="3">
<suite id="s1" name="Trade-Sticker" source="C:\qaninja\ViverDeTeste2a\trade-sticker">
<suite id="s1-s1" name="Tests" source="C:\qaninja\ViverDeTeste2a\trade-sticker\tests">
<suite id="s1-s1-s1" name="Trade" source="C:\qaninja\ViverDeTeste2a\trade-sticker\tests\trade.robot">
<test id="s1-s1-s1-t1" name="Deve negociar a figurinha do neymar legend" line="10">
<kw name="Inicia teste" library="main" type="SETUP">
<kw name="New Browser" library="Browser">
<arg>headless=false</arg>
<tag>BrowserControl</tag>
<tag>Setter</tag>
<doc>Create a new playwright Browser with specified options.</doc>
<msg timestamp="20221003 16:37:35.303" level="INFO">{"browser": "chromium", "headless": false, "devtools": false, "handleSIGHUP": true, "handleSIGINT": true, "handleSIGTERM": true, "slowMo": 0.0, "timeout": 30000.0, "deprecated_pos_args": [], "tracesDir": "C:\\qaninja\\ViverDeTeste2a\\trade-sticker\\results\\browser\\traces\\1fba3120-cc6e-44e2-8bb4-fde27c9035d8"}</msg>
<msg timestamp="20221003 16:37:37.590" level="INFO">Successfully created browser with options: {"browser":"chromium","headless":false,"devtools":false,"handleSIGHUP":true,"handleSIGINT":true,"handleSIGTERM":true,"slowMo":0,"timeout":30000,"deprecated_pos_args":[],"tracesDir":"C:\\qaninja\\ViverDeTeste2a\\trade-sticker\\results\\browser\\traces\\1fba3120-cc6e-44e2-8bb4-fde27c9035d8"}</msg>
<status status="PASS" starttime="20221003 16:37:35.302" endtime="20221003 16:37:37.593"/>
</kw>
<status status="PASS" starttime="20221003 16:37:35.301" endtime="20221003 16:37:37.594"/>
</kw>
<kw name="Faz o login" library="main">
<kw name="Abre pagina de login" library="login">
<kw name="New Page" library="Browser">
<arg>https://trade-sticker-dev.vercel.app</arg>
<tag>BrowserControl</tag>
<tag>Setter</tag>
<doc>Open a new Page.</doc>
<msg timestamp="20221003 16:37:39.414" level="INFO">Successfully initialized new page object and opened url: https://trade-sticker-dev.vercel.app</msg>
<msg timestamp="20221003 16:37:39.416" level="INFO">No context was open. New context was automatically opened when this page is created.</msg>
<status status="PASS" starttime="20221003 16:37:37.602" endtime="20221003 16:37:39.443"/>
</kw>
<status status="PASS" starttime="20221003 16:37:37.600" endtime="20221003 16:37:39.444"/>
</kw>
<kw name="Envia Credenciais" library="login">
<arg>papito@gmail.com</arg>
<arg>vaibrasil</arg>
<kw name="Fill Text" library="Browser">
<arg>css=input[name=email]</arg>
<arg>${email}</arg>
<tag>PageContent</tag>
<tag>Setter</tag>
<doc>Clears and fills the given ``txt`` into the text field found by ``selector``.</doc>
<msg timestamp="20221003 16:37:39.448" level="INFO">Fills the text 'papito@gmail.com' in the given field.</msg>
<status status="PASS" starttime="20221003 16:37:39.446" endtime="20221003 16:37:39.544"/>
</kw>
<kw name="Fill Text" library="Browser">
<arg>css=input[name=password]</arg>
<arg>${senha}</arg>
<tag>PageContent</tag>
<tag>Setter</tag>
<doc>Clears and fills the given ``txt`` into the text field found by ``selector``.</doc>
<msg timestamp="20221003 16:37:39.546" level="INFO">Fills the text 'vaibrasil' in the given field.</msg>
<status status="PASS" starttime="20221003 16:37:39.545" endtime="20221003 16:37:39.586"/>
</kw>
<kw name="Click" library="Browser">
<arg>css=button &gt;&gt; text=Entrar</arg>
<tag>PageContent</tag>
<tag>Setter</tag>
<doc>Simulates mouse click on the element found by ``selector``.</doc>
<status status="PASS" starttime="20221003 16:37:39.587" endtime="20221003 16:37:39.681"/>
</kw>
<status status="PASS" starttime="20221003 16:37:39.445" endtime="20221003 16:37:39.681"/>
</kw>
<kw name="Usuario logado com sucesso" library="dash">
<kw name="Set Variable" library="BuiltIn">
<var>${header_login}</var>
<arg>Aquela figurinha incrível a um clique de distância.</arg>
<doc>Returns the given values which can then be assigned to a variables.</doc>
<msg timestamp="20221003 16:37:39.685" level="INFO">${header_login} = Aquela figurinha incrível a um clique de distância.</msg>
<status status="PASS" starttime="20221003 16:37:39.683" endtime="20221003 16:37:39.691"/>
</kw>
<kw name="Get Text" library="Browser">
<arg>css=.header-content strong</arg>
<arg>equal</arg>
<arg>${header_login}</arg>
<tag>Assertion</tag>
<tag>Getter</tag>
<tag>PageContent</tag>
<doc>Returns text attribute of the element found by ``selector``.</doc>
<status status="PASS" starttime="20221003 16:37:39.692" endtime="20221003 16:37:39.751"/>
</kw>
<status status="PASS" starttime="20221003 16:37:39.682" endtime="20221003 16:37:39.751"/>
</kw>
<status status="PASS" starttime="20221003 16:37:37.599" endtime="20221003 16:37:39.755"/>
</kw>
<kw name="Busca figurinha" library="dash">
<arg>legend</arg>
<kw name="Fill Text" library="Browser">
<arg>input[placeholder^=Busque]</arg>
<arg>${nomeFigurinha}</arg>
<tag>PageContent</tag>
<tag>Setter</tag>
<doc>Clears and fills the given ``txt`` into the text field found by ``selector``.</doc>
<msg timestamp="20221003 16:37:39.759" level="INFO">Fills the text 'legend' in the given field.</msg>
<status status="PASS" starttime="20221003 16:37:39.758" endtime="20221003 16:37:39.801"/>
</kw>
<kw name="Click" library="Browser">
<arg>css=button &gt;&gt; text=Buscar</arg>
<tag>PageContent</tag>
<tag>Setter</tag>
<doc>Simulates mouse click on the element found by ``selector``.</doc>
<status status="PASS" starttime="20221003 16:37:39.802" endtime="20221003 16:37:39.886"/>
</kw>
<status status="PASS" starttime="20221003 16:37:39.756" endtime="20221003 16:37:39.888"/>
</kw>
<kw name="Sleep" library="BuiltIn">
<arg>5</arg>
<doc>Pauses the test executed for the given time.</doc>
<msg timestamp="20221003 16:37:44.900" level="INFO">Slept 5 seconds</msg>
<status status="PASS" starttime="20221003 16:37:39.889" endtime="20221003 16:37:44.905"/>
</kw>
<kw name="Clica na figurinha" library="dash">
<arg>Neymar Jr</arg>
<kw name="Click" library="Browser">
<arg>xpath=//img[@alt="${figurinha}"]/..</arg>
<tag>PageContent</tag>
<tag>Setter</tag>
<doc>Simulates mouse click on the element found by ``selector``.</doc>
<status status="PASS" starttime="20221003 16:37:44.913" endtime="20221003 16:37:44.990"/>
</kw>
<status status="PASS" starttime="20221003 16:37:44.911" endtime="20221003 16:37:44.991"/>
</kw>
<kw name="Clica botao Zapzap" library="dash">
<kw name="Click" library="Browser">
<arg>css=button &gt;&gt; text=Entrar em contato</arg>
<tag>PageContent</tag>
<tag>Setter</tag>
<doc>Simulates mouse click on the element found by ``selector``.</doc>
<status status="PASS" starttime="20221003 16:37:44.996" endtime="20221003 16:37:45.118"/>
</kw>
<status status="PASS" starttime="20221003 16:37:44.994" endtime="20221003 16:37:45.118"/>
</kw>
<kw name="Valida mensagem Zapzap" library="dash">
<arg>Neymar Jr</arg>
<kw name="Set Variable" library="BuiltIn">
<var>${mensagem}</var>
<arg>Oi, achei o seu contato no Trade Sticker. Estou interessado(a) na figurinha do ${figurinha}, bora negociar?</arg>
<doc>Returns the given values which can then be assigned to a variables.</doc>
<msg timestamp="20221003 16:37:45.146" level="INFO">${mensagem} = Oi, achei o seu contato no Trade Sticker. Estou interessado(a) na figurinha do Neymar Jr, bora negociar?</msg>
<status status="PASS" starttime="20221003 16:37:45.145" endtime="20221003 16:37:45.149"/>
</kw>
<kw name="Switch Page" library="Browser">
<arg>NEW</arg>
<tag>BrowserControl</tag>
<tag>Setter</tag>
<doc>Switches the active browser page to another open page by ``id`` or ``NEW``.</doc>
<msg timestamp="20221003 16:37:45.151" level="INFO">Switching to page NEW,context CURRENT, browser CURRENT</msg>
<msg timestamp="20221003 16:37:47.649" level="INFO">Activated new page page=791f3053-739f-43ae-a9a7-9300738ac053</msg>
<status status="PASS" starttime="20221003 16:37:45.149" endtime="20221003 16:37:47.651"/>
</kw>
<kw name="Wait For Elements State" library="Browser">
<arg>css=p &gt;&gt; text=${mensagem}</arg>
<arg>visible</arg>
<arg>10</arg>
<tag>PageContent</tag>
<tag>Wait</tag>
<doc>Waits for the element found by ``selector`` to satisfy state option.</doc>
<msg timestamp="20221003 16:37:48.942" level="INFO">Waited for Element with selector css=p &gt;&gt; text=Oi, achei o seu contato no Trade Sticker. Estou interessado(a) na figurinha do Neymar Jr, bora negociar? at state visible</msg>
<status status="PASS" starttime="20221003 16:37:47.655" endtime="20221003 16:37:48.946"/>
</kw>
<status status="PASS" starttime="20221003 16:37:45.144" endtime="20221003 16:37:48.947"/>
</kw>
<kw name="Finaliza teste" library="main" type="TEARDOWN">
<kw name="Take Screenshot" library="Browser">
<tag>PageContent</tag>
<doc>Takes a screenshot of the current window or element and saves it to disk.</doc>
<msg timestamp="20221003 16:37:49.284" level="INFO" html="true">&lt;/td&gt;&lt;/tr&gt;&lt;tr&gt;&lt;td colspan="3"&gt;&lt;a href="browser/screenshot/robotframework-browser-screenshot-1.png"&gt;&lt;img src="browser/screenshot/robotframework-browser-screenshot-1.png" width="800px"&gt;&lt;/a&gt;</msg>
<status status="PASS" starttime="20221003 16:37:48.968" endtime="20221003 16:37:49.289"/>
</kw>
<status status="PASS" starttime="20221003 16:37:48.967" endtime="20221003 16:37:49.290"/>
</kw>
<status status="PASS" starttime="20221003 16:37:35.294" endtime="20221003 16:37:49.302"/>
</test>
<doc>Teste de negociação de figurinhas da copa</doc>
<status status="PASS" starttime="20221003 16:37:33.372" endtime="20221003 16:37:49.568"/>
</suite>
<status status="PASS" starttime="20221003 16:37:33.364" endtime="20221003 16:37:49.583"/>
</suite>
<status status="PASS" starttime="20221003 16:37:33.316" endtime="20221003 16:37:49.592"/>
</suite>
<statistics>
<total>
<stat pass="1" fail="0" skip="0">All Tests</stat>
</total>
<tag>
</tag>
<suite>
<stat pass="1" fail="0" skip="0" id="s1" name="Trade-Sticker">Trade-Sticker</stat>
<stat pass="1" fail="0" skip="0" id="s1-s1" name="Tests">Trade-Sticker.Tests</stat>
<stat pass="1" fail="0" skip="0" id="s1-s1-s1" name="Trade">Trade-Sticker.Tests.Trade</stat>
</suite>
</statistics>
<errors>
</errors>
</robot>
